e:\qtsvgeditor\svgeditor\debug\vc142.pdb
e:\qtsvgeditor\svgeditor\debug\qrc_svgeditor.obj
e:\qtsvgeditor\svgeditor\debug\main.obj
e:\qtsvgeditor\svgeditor\debug\common.obj
e:\qtsvgeditor\svgeditor\debug\svgview.obj
e:\qtsvgeditor\svgeditor\debug\svgscene.obj
e:\qtsvgeditor\svgeditor\debug\svgeditor.obj
e:\qtsvgeditor\svgeditor\debug\moc_svgview.obj
e:\qtsvgeditor\svgeditor\debug\moc_svgeditor.obj
e:\qtsvgeditor\svgeditor\debug\moc_svgscene.obj
c:\users\86150\desktop\qtsvgeditor\svgeditor\debug\vc142.pdb
c:\users\86150\desktop\qtsvgeditor\svgeditor\debug\qrc_svgeditor.obj
c:\users\86150\desktop\qtsvgeditor\svgeditor\debug\svgview.obj
c:\users\86150\desktop\qtsvgeditor\svgeditor\debug\svgeditor.obj
c:\users\86150\desktop\qtsvgeditor\svgeditor\debug\main.obj
c:\users\86150\desktop\qtsvgeditor\svgeditor\debug\common.obj
c:\users\86150\desktop\qtsvgeditor\svgeditor\debug\svgscene.obj
c:\users\86150\desktop\qtsvgeditor\svgeditor\debug\moc_svgeditor.obj
c:\users\86150\desktop\qtsvgeditor\svgeditor\debug\moc_svgscene.obj
c:\users\86150\desktop\qtsvgeditor\svgeditor\debug\moc_svgview.obj
c:\users\86150\desktop\qtsvgeditor\svgeditor\debug\moc_predefs.h
e:\qtsvgeditor\svgeditor\debug\svgeditor.exe
e:\qtsvgeditor\svgeditor\debug\svgeditor.ilk
e:\qtsvgeditor\svgeditor\debug\svgeditor.pdb
c:\users\86150\desktop\qtsvgeditor\svgeditor\debug\svgeditor.exe
c:\users\86150\desktop\qtsvgeditor\svgeditor\debug\svgeditor.ilk
c:\users\86150\desktop\qtsvgeditor\svgeditor\debug\svgeditor.pdb
c:\users\86150\desktop\qtsvgeditor\svgeditor\debug\moc_svgscene.cpp
c:\users\86150\desktop\qtsvgeditor\svgeditor\debug\qrc_svgeditor.cpp
e:\qtsvgeditor\svgeditor\ui_svgeditor.h
e:\qtsvgeditor\svgeditor\debug\qrc_svgeditor.cpp
e:\qtsvgeditor\svgeditor\debug\moc_svgeditor.cpp
e:\qtsvgeditor\svgeditor\debug\moc_svgscene.cpp
e:\qtsvgeditor\svgeditor\debug\moc_svgview.cpp
c:\users\86150\desktop\qtsvgeditor\svgeditor\ui_svgeditor.h
c:\users\86150\desktop\qtsvgeditor\svgeditor\debug\moc_svgeditor.cpp
c:\users\86150\desktop\qtsvgeditor\svgeditor\debug\moc_svgview.cpp
c:\users\86150\desktop\qtsvgeditor\svgeditor\debug\svgeditor.tlog\cl.command.1.tlog
c:\users\86150\desktop\qtsvgeditor\svgeditor\debug\svgeditor.tlog\cl.read.1.tlog
c:\users\86150\desktop\qtsvgeditor\svgeditor\debug\svgeditor.tlog\cl.write.1.tlog
c:\users\86150\desktop\qtsvgeditor\svgeditor\debug\svgeditor.tlog\custombuild.command.1.tlog
c:\users\86150\desktop\qtsvgeditor\svgeditor\debug\svgeditor.tlog\custombuild.read.1.tlog
c:\users\86150\desktop\qtsvgeditor\svgeditor\debug\svgeditor.tlog\custombuild.write.1.tlog
c:\users\86150\desktop\qtsvgeditor\svgeditor\debug\svgeditor.tlog\link.command.1.tlog
c:\users\86150\desktop\qtsvgeditor\svgeditor\debug\svgeditor.tlog\link.read.1.tlog
c:\users\86150\desktop\qtsvgeditor\svgeditor\debug\svgeditor.tlog\link.write.1.tlog
c:\users\86150\desktop\qtsvgeditor\svgeditor\debug\svgeditor.tlog\moc.read.1u.tlog
c:\users\86150\desktop\qtsvgeditor\svgeditor\debug\svgeditor.tlog\moc.write.1u.tlog
c:\users\86150\desktop\qtsvgeditor\svgeditor\debug\svgeditor.tlog\rcc.read.1u.tlog
c:\users\86150\desktop\qtsvgeditor\svgeditor\debug\svgeditor.tlog\rcc.write.1u.tlog
c:\users\86150\desktop\qtsvgeditor\svgeditor\debug\svgeditor.tlog\svgeditor.write.1u.tlog
c:\users\86150\desktop\qtsvgeditor\svgeditor\debug\svgeditor.tlog\uic.read.1u.tlog
c:\users\86150\desktop\qtsvgeditor\svgeditor\debug\svgeditor.tlog\uic.write.1u.tlog
